<?xml version="1.0" encoding="UTF-8"?>
<testng-results ignored="0" total="1" passed="1" failed="0" skipped="0">
  <reporter-output>
  </reporter-output>
  <suite started-at="2023-01-13T16:25:52 GMT-04:00" name="Suite" finished-at="2023-01-13T16:25:57 GMT-04:00" duration-ms="5959">
    <groups>
      <group name="cucumber">
        <method signature="AbstractTestNGCucumberTests.runScenario(io.cucumber.testng.PickleWrapper,io.cucumber.testng.FeatureWrapper)[pri:0, instance:runner.Run@61862a7f]" name="runScenario" class="io.cucumber.testng.AbstractTestNGCucumberTests"/>
      </group> <!-- cucumber -->
    </groups>
    <test started-at="2023-01-13T16:25:52 GMT-04:00" name="Test" finished-at="2023-01-13T16:25:57 GMT-04:00" duration-ms="5959">
      <class name="runner.Run">
        <test-method is-config="true" signature="setUpClass(org.testng.ITestContext)[pri:0, instance:runner.Run@61862a7f]" started-at="2023-01-13T16:25:52 GMT-04:00" name="setUpClass" finished-at="2023-01-13T16:25:52 GMT-04:00" duration-ms="169" status="PASS">
          <params>
            <param index="0">
              <value>
                <![CDATA[org.testng.TestRunner@42ea287]]>
              </value>
            </param>
          </params>
          <reporter-output>
          </reporter-output>
        </test-method> <!-- setUpClass -->
        <test-method signature="runScenario(io.cucumber.testng.PickleWrapper,io.cucumber.testng.FeatureWrapper)[pri:0, instance:runner.Run@61862a7f]" started-at="2023-01-13T16:25:52 GMT-04:00" name="runScenario" description="Runs Cucumber Scenarios" data-provider="scenarios" finished-at="2023-01-13T16:25:57 GMT-04:00" duration-ms="5753" status="PASS">
          <params>
            <param index="0">
              <value>
                <![CDATA["Ingreso"]]>
              </value>
            </param>
            <param index="1">
              <value>
                <![CDATA["Ingresoa a sitio de amsoft"]]>
              </value>
            </param>
          </params>
          <reporter-output>
          </reporter-output>
        </test-method> <!-- runScenario -->
        <test-method is-config="true" signature="tearDownClass()[pri:0, instance:runner.Run@61862a7f]" started-at="2023-01-13T16:25:57 GMT-04:00" name="tearDownClass" finished-at="2023-01-13T16:25:57 GMT-04:00" duration-ms="7" status="PASS">
          <reporter-output>
          </reporter-output>
        </test-method> <!-- tearDownClass -->
      </class> <!-- runner.Run -->
    </test> <!-- Test -->
  </suite> <!-- Suite -->
</testng-results>
